PRT1
170
497
4 0 6 (704 216 128 ) (704 216 144 ) (688 216 144 ) (688 216 128 ) 
4 0 5 (688 320 144 ) (688 320 128 ) (688 216 128 ) (688 216 144 ) 
4 1 7 (704 216 96 ) (704 216 124 ) (688 216 124 ) (688 216 96 ) 
4 1 5 (688 320 124 ) (688 320 96 ) (688 216 96 ) (688 216 124 ) 
4 2 8 (704 216 64 ) (704 216 92 ) (688 216 92 ) (688 216 64 ) 
4 2 5 (688 320 92 ) (688 320 64 ) (688 216 64 ) (688 216 92 ) 
4 3 9 (704 216 32 ) (704 216 60 ) (688 216 60 ) (688 216 32 ) 
4 3 5 (688 320 60 ) (688 320 32 ) (688 216 32 ) (688 216 60 ) 
4 4 10 (688 216 0 ) (704 216 0 ) (704 216 28 ) (688 216 28 ) 
4 4 5 (688 320 28 ) (688 320 0 ) (688 216 0 ) (688 216 28 ) 
4 5 15 (552 302.669067 0 ) (552 256 0 ) (552 256 112 ) (552 302.669067 112 ) 
4 5 14 (552 312 0 ) (552 302.669067 0 ) (552 302.669067 112 ) (552 312 112 ) 
4 5 9 (552 216 60 ) (552 216 32 ) (688 216 32 ) (688 216 60 ) 
4 5 10 (552 216 28 ) (552 216 0 ) (688 216 0 ) (688 216 28 ) 
4 5 7 (552 216 124 ) (552 216 96 ) (688 216 96 ) (688 216 124 ) 
4 5 8 (552 216 92 ) (552 216 64 ) (688 216 64 ) (688 216 92 ) 
4 5 6 (552 216 144 ) (552 216 128 ) (688 216 128 ) (688 216 144 ) 
4 11 20 (542 312 112 ) (542 312 144 ) (542 320 144 ) (542 320 112 ) 
4 11 13 (542 312 144 ) (542 312 112 ) (544 312 112 ) (544 312 144 ) 
4 11 12 (542 312.133698 112 ) (542 320 112 ) (544 320 112 ) (544 312.669586 112 ) 
4 12 22 (542 320 0 ) (542 312 0 ) (542 312 112 ) (542 320 112 ) 
4 13 20 (542 256 112 ) (542 256 144 ) (542 312 144 ) (542 312 112 ) 
4 13 16 (542 256 144 ) (542 256 112 ) (544 256 112 ) (544 256 144 ) 
4 13 15 (544 256 112 ) (542 256 112 ) (542 307.992371 112 ) (544 308.528290 112 ) 
4 14 15 (552 302.666656 0 ) (552 302.666656 112 ) (550 310.135803 112 ) (550 310.135803 0 ) 
4 15 23 (542 307.992371 0 ) (542 256 0 ) (542 256 112 ) (542 307.992371 112 ) 
4 15 16 (542 256 112 ) (542 256 0 ) (544 256 0 ) (544 256 112 ) 
4 16 23 (542 256 0 ) (542 248 0 ) (542 248 112 ) (542 256 112 ) 
4 16 20 (542 248 112 ) (542 248 144 ) (542 256 144 ) (542 256 112 ) 
4 16 17 (542 248 144 ) (542 248 72 ) (544 248 72 ) (544 248 144 ) 
4 16 18 (542 248 46 ) (542 248 0 ) (544 248 0 ) (544 248 46 ) 
4 17 29 (542 232 144 ) (542 238 144 ) (542 238 72 ) (542 232 72 ) 
4 17 28 (542 238 144 ) (542 240 144 ) (542 240 72 ) (542 238 72 ) 
4 17 32 (542 230 72 ) (542 230 144 ) (542 232 144 ) (542 232 72 ) 
4 17 24 (542 240 144 ) (542 246 144 ) (542 246 72 ) (542 240 72 ) 
4 17 23 (542 248 112 ) (542 248 72 ) (542 246 72 ) (542 246 112 ) 
4 17 20 (542 246 144 ) (542 248 144 ) (542 248 112 ) (542 246 112 ) 
4 17 19 (542 230 144 ) (542 230 72 ) (544 230 72 ) (544 230 144 ) 
4 18 31 (542 238 0 ) (542 232 0 ) (542 232 46 ) (542 238 46 ) 
4 18 28 (542 240 0 ) (542 238 0 ) (542 238 46 ) (542 240 46 ) 
4 18 32 (542 232 0 ) (542 230 0 ) (542 230 46 ) (542 232 46 ) 
4 18 26 (542 246 0 ) (542 240 0 ) (542 240 46 ) (542 246 46 ) 
4 18 23 (542 248 0 ) (542 246 0 ) (542 246 46 ) (542 248 46 ) 
4 18 19 (542 230 46 ) (542 230 0 ) (544 230 0 ) (544 230 46 ) 
4 19 39 (544 224 24 ) (544 224 40 ) (542 224 40 ) (542 224 24 ) 
4 19 35 (544 224 40 ) (544 224 128 ) (542 224 128 ) (542 224 40 ) 
4 19 34 (544 224 128 ) (544 224 144 ) (542 224 144 ) (542 224 128 ) 
4 19 32 (542 230 0 ) (542 224 0 ) (542 224 144 ) (542 230 144 ) 
4 20 81 (264 246 112 ) (264 246 144 ) (264 320 144 ) (264 320 112 ) 
4 20 24 (542 246 112 ) (542 246 144 ) (540 246 144 ) (540 246 112 ) 
4 20 27 (540 246 144 ) (264 246 144 ) (264 246 112 ) (540 246 112 ) 
4 20 23 (542 246 112 ) (509.204987 246 112 ) (495.908020 295.641998 112 ) (542 307.992371 112 ) 
4 20 22 (494.873016 299.506012 112 ) (489.383545 320 112 ) (542 320 112 ) (542 312.133698 112 ) 
4 20 21 (509.204987 246 112 ) (264 246 112 ) (264 320 112 ) (489.383545 320 112 ) 
4 21 109 (264 296 0 ) (264 295 0 ) (264 295 16 ) (264 296 16 ) 
4 21 115 (264 291 0 ) (264 246 0 ) (264 246 16 ) (264 291 16 ) 
4 21 102 (264 312 0 ) (264 311 0 ) (264 311 16 ) (264 312 16 ) 
4 21 108 (264 307 0 ) (264 296 0 ) (264 296 16 ) (264 307 16 ) 
4 21 101 (264 320 0 ) (264 312 0 ) (264 312 16 ) (264 320 16 ) 
4 21 96 (264 311 20 ) (264 312 20 ) (264 312 16 ) (264 311 16 ) 
4 21 97 (264 246 16 ) (264 246 20 ) (264 291 20 ) (264 291 16 ) 
4 21 95 (264 312 20 ) (264 320 20 ) (264 320 16 ) (264 312 16 ) 
4 21 92 (264 246 20 ) (264 246 40 ) (264 247 40 ) (264 247 20 ) 
4 21 87 (264 311 40 ) (264 312 40 ) (264 312 20 ) (264 311 20 ) 
4 21 88 (264 247 40 ) (264 307 40 ) (264 307 20 ) (264 247 20 ) 
4 21 86 (264 312 40 ) (264 320 40 ) (264 320 20 ) (264 312 20 ) 
4 21 81 (264 246 40 ) (264 246 112 ) (264 320 112 ) (264 320 40 ) 
4 21 27 (509.204987 246 112 ) (264 246 112 ) (264 246 0 ) (509.204956 246 0 ) 
4 21 23 (495.907318 295.641815 112 ) (509.204254 246 112 ) (509.204254 246 0 ) (495.907318 295.641815 0 ) 
4 21 22 (489.382812 320 0 ) (489.382812 320 112 ) (494.872314 299.505829 112 ) (494.872314 299.505829 0 ) 
4 23 26 (542 246 0 ) (542 246 48 ) (540 246 48 ) (540 246 0 ) 
4 23 24 (542 246 62 ) (542 246 112 ) (540 246 112 ) (540 246 62 ) 
4 23 25 (542 246 54 ) (542 246 56 ) (540 246 56 ) (540 246 54 ) 
4 23 27 (540 246 112 ) (509.204987 246 112 ) (509.204956 246 0 ) (540 246 0 ) 
4 24 28 (542 240 62 ) (542 240 144 ) (540 240 144 ) (540 240 62 ) 
4 24 27 (540 246 144 ) (540 246 62 ) (540 240 62 ) (540 240 144 ) 
4 25 28 (542 240 54 ) (542 240 56 ) (540 240 56 ) (540 240 54 ) 
4 25 27 (540 246 56 ) (540 246 54 ) (540 240 54 ) (540 240 56 ) 
4 26 28 (542 240 0 ) (542 240 48 ) (540 240 48 ) (540 240 0 ) 
4 26 27 (540 246 48 ) (540 246 0 ) (540 240 0 ) (540 240 48 ) 
4 27 115 (264 246 0 ) (264 240 0 ) (264 240 16 ) (264 246 16 ) 
4 27 97 (264 240 16 ) (264 240 20 ) (264 246 20 ) (264 246 16 ) 
4 27 92 (264 240 20 ) (264 240 40 ) (264 246 40 ) (264 246 20 ) 
4 27 81 (264 240 40 ) (264 240 144 ) (264 246 144 ) (264 246 40 ) 
4 27 33 (540 240 144 ) (264 240 144 ) (264 240 0 ) (540 240 0 ) 
4 28 31 (540 238 48 ) (540 238 0 ) (542 238 0 ) (542 238 48 ) 
4 28 29 (540 238 144 ) (540 238 62 ) (542 238 62 ) (542 238 144 ) 
4 28 30 (540 238 56 ) (540 238 54 ) (542 238 54 ) (542 238 56 ) 
4 28 33 (540 240 144 ) (540 240 0 ) (540 238 0 ) (540 238 144 ) 
4 29 33 (540 232 62 ) (540 232 144 ) (540 238 144 ) (540 238 62 ) 
4 29 32 (540 232 144 ) (540 232 62 ) (542 232 62 ) (542 232 144 ) 
4 30 32 (540 232 56 ) (540 232 54 ) (542 232 54 ) (542 232 56 ) 
4 30 33 (540 232 54 ) (540 232 56 ) (540 238 56 ) (540 238 54 ) 
4 31 32 (540 232 48 ) (540 232 0 ) (542 232 0 ) (542 232 48 ) 
4 31 33 (540 238 0 ) (540 232 0 ) (540 232 48 ) (540 238 48 ) 
4 32 39 (542 224 24 ) (542 224 40 ) (540 224 40 ) (540 224 24 ) 
4 32 38 (542 224 40 ) (542 224 128 ) (540 224 128 ) (540 224 40 ) 
4 32 34 (542 224 128 ) (542 224 144 ) (540 224 144 ) (540 224 128 ) 
4 32 33 (540 232 0 ) (540 224 0 ) (540 224 144 ) (540 232 144 ) 
4 33 115 (264 240 0 ) (264 224 0 ) (264 224 16 ) (264 240 16 ) 
4 33 97 (264 224 16 ) (264 224 20 ) (264 240 20 ) (264 240 16 ) 
4 33 92 (264 224 20 ) (264 224 40 ) (264 240 40 ) (264 240 20 ) 
4 33 81 (264 224 40 ) (264 224 144 ) (264 240 144 ) (264 240 40 ) 
4 33 80 (264 224 16 ) (264 224 0 ) (432 224 0 ) (432 224 16 ) 
4 33 58 (264 224 20 ) (264 224 16 ) (432 224 16 ) (432 224 20 ) 
4 33 49 (448 224 32 ) (448 224 40 ) (432 224 40 ) (432 224 32 ) 
4 33 47 (464 224 32 ) (464 224 40 ) (448 224 40 ) (448 224 32 ) 
4 33 39 (540 224 24 ) (540 224 40 ) (464 224 40 ) (464 224 24 ) 
4 33 50 (264 224 40 ) (264 224 20 ) (432 224 20 ) (432 224 40 ) 
4 33 38 (264 224 128 ) (264 224 40 ) (540 224 40 ) (540 224 128 ) 
4 33 34 (264 224 144 ) (264 224 128 ) (540 224 128 ) (540 224 144 ) 
4 34 132 (264 0 144 ) (264 0 128 ) (432 0 128 ) (432 0 144 ) 
4 34 129 (432 0 128 ) (464 0 128 ) (464 0 144 ) (432 0 144 ) 
4 34 128 (464 0 128 ) (544 0 128 ) (544 0 144 ) (464 0 144 ) 
4 34 81 (264 0 128 ) (264 0 144 ) (264 224 144 ) (264 224 128 ) 
4 34 35 (542 224 128 ) (544 224 128 ) (544 152 128 ) (542 152 128 ) 
4 34 37 (544 24 128 ) (544 0 128 ) (542 0 128 ) (542 24 128 ) 
4 34 38 (264 0 128 ) (264 224 128 ) (542 224 128 ) (542 0 128 ) 
4 35 41 (544 192 40 ) (544 152 40 ) (542 152 40 ) (542 192 40 ) 
4 35 39 (542 224 40 ) (544 224 40 ) (544 192 40 ) (542 192 40 ) 
4 35 36 (542 152 56 ) (542 152 40 ) (544 152 40 ) (544 152 56 ) 
4 35 38 (542 224 40 ) (542 152 40 ) (542 152 128 ) (542 224 128 ) 
4 36 44 (544 67.752563 40 ) (544 24 40 ) (542 24 40 ) (542 67.752563 40 ) 
4 36 43 (544 138.817276 40 ) (544 118.116158 40 ) (542 117.580276 40 ) (542 138.281555 40 ) 
4 36 41 (544 152 40 ) (544 138.817276 40 ) (542 138.281555 40 ) (542 152 40 ) 
4 36 40 (544 118.116158 40 ) (544 67.752563 40 ) (542 67.752563 40 ) (542 117.580276 40 ) 
4 36 38 (542 152 40 ) (542 24 40 ) (542 24 56 ) (542 152 56 ) 
4 36 37 (542 24 56 ) (542 24 40 ) (544 24 40 ) (544 24 56 ) 
4 37 128 (542 0 40 ) (544 0 40 ) (544 0 128 ) (542 0 128 ) 
4 37 44 (544 24 40 ) (544 0 40 ) (542 0 40 ) (542 24 40 ) 
4 37 38 (542 24 40 ) (542 0 40 ) (542 0 128 ) (542 24 128 ) 
4 38 132 (264 0 128 ) (264 0 40 ) (432 0 40 ) (432 0 128 ) 
4 38 129 (432 0 40 ) (464 0 40 ) (464 0 128 ) (432 0 128 ) 
4 38 128 (464 0 40 ) (542 0 40 ) (542 0 128 ) (464 0 128 ) 
4 38 81 (264 0 40 ) (264 0 128 ) (264 224 128 ) (264 224 40 ) 
4 38 49 (432 224 40 ) (448 224 40 ) (448 0 40 ) (432 0 40 ) 
4 38 47 (448 224 40 ) (464 224 40 ) (464 0 40 ) (448 0 40 ) 
4 38 45 (492.247009 0 40 ) (488.247009 0 40 ) (488.247009 47.752499 40 ) (492.247009 47.752499 40 ) 
4 38 44 (542 67.752563 40 ) (542 0 40 ) (492.247009 0 40 ) (492.247009 67.752563 40 ) 
4 38 46 (488.247009 0 40 ) (464 0 40 ) (464 67.752563 40 ) (488.247009 67.752563 40 ) 
4 38 43 (542 138.281555 40 ) (542 117.580276 40 ) (502.247009 106.929008 40 ) (497.071014 126.247002 40 ) 
4 38 42 (498.384033 105.893974 40 ) (464 96.681244 40 ) (464 117.388695 40 ) (493.207001 125.211998 40 ) 
4 38 41 (542 192 40 ) (542 138.281555 40 ) (464 117.388695 40 ) (464 192 40 ) 
4 38 40 (542 117.580276 40 ) (542 67.752563 40 ) (464 67.752563 40 ) (464 96.681244 40 ) 
4 38 39 (464 224 40 ) (542 224 40 ) (542 192 40 ) (464 192 40 ) 
4 38 50 (264 0 40 ) (264 224 40 ) (432 224 40 ) (432 0 40 ) 
4 39 47 (464 192 32 ) (464 192 40 ) (464 224 40 ) (464 224 32 ) 
4 39 41 (464 192 40 ) (464 192 24 ) (544 192 24 ) (544 192 40 ) 
4 40 51 (544 118.116165 20 ) (544 67.752563 20 ) (464 67.752563 20 ) (464 96.681244 20 ) 
4 40 48 (464 96.681244 20 ) (464 67.752563 20 ) (464 67.752563 24 ) (464 96.681244 24 ) 
4 40 47 (464 67.752563 32 ) (464 67.752563 40 ) (464 96.681244 40 ) (464 96.681244 32 ) 
4 40 44 (492.247009 67.752563 20 ) (544 67.752563 20 ) (544 67.752563 40 ) (492.247009 67.752563 40 ) 
4 40 46 (464 67.752563 40 ) (464 67.752563 20 ) (488.247009 67.752563 20 ) (488.247009 67.752563 40 ) 
4 40 43 (544 118.117279 20 ) (502.246704 106.930084 20 ) (502.246704 106.930084 40 ) (544 118.117279 40 ) 
4 40 42 (498.383728 105.895058 20 ) (464 96.682434 20 ) (464 96.682434 40 ) (498.383728 105.895058 40 ) 
4 41 52 (544 192 20 ) (544 138.817276 20 ) (464 117.388695 20 ) (464 192 20 ) 
4 41 48 (464 192 20 ) (464 117.388695 20 ) (464 117.388695 24 ) (464 192 24 ) 
4 41 47 (464 117.388695 32 ) (464 117.388695 40 ) (464 192 40 ) (464 192 32 ) 
4 41 43 (497.070984 126.247162 20 ) (544 138.817413 20 ) (544 138.817413 40 ) (497.070984 126.247162 40 ) 
4 41 42 (464 117.388893 40 ) (464 117.388893 20 ) (493.206970 125.212166 20 ) (493.206970 125.212166 40 ) 
4 42 53 (482.928986 101.753006 20 ) (464 96.681244 20 ) (464 117.388695 20 ) (477.752625 121.072433 20 ) 
4 42 48 (464 117.388695 20 ) (464 96.681244 20 ) (464 96.681244 24 ) (464 117.388695 24 ) 
4 42 47 (464 96.681244 32 ) (464 96.681244 40 ) (464 117.388695 40 ) (464 117.388695 32 ) 
4 43 54 (544 138.817276 20 ) (544 118.116165 20 ) (502.247009 106.929008 20 ) (497.071045 126.247009 20 ) 
4 44 130 (504 0 20 ) (544 0 20 ) (544 0 24 ) (504 0 24 ) 
4 44 128 (544 0 24 ) (544 0 40 ) (492.247009 0 40 ) (492.247009 0 24 ) 
4 44 55 (544 67.752563 20 ) (544 0 20 ) (492.247009 0 20 ) (492.247009 67.752563 20 ) 
4 44 45 (492.247009 47.752499 20 ) (492.247009 0 20 ) (492.247009 0 40 ) (492.247009 47.752499 40 ) 
4 45 128 (492.247009 0 24 ) (492.247009 0 40 ) (488.247009 0 40 ) (488.247009 0 24 ) 
4 45 56 (492.247009 0 20 ) (488.247009 0 20 ) (488.247009 47.752499 20 ) (492.247009 47.752499 20 ) 
4 45 46 (488.247009 47.752499 20 ) (488.247009 0 20 ) (488.247009 0 40 ) (488.247009 47.752499 40 ) 
4 46 128 (488.247009 0 24 ) (488.247009 0 40 ) (464 0 40 ) (464 0 24 ) 
4 46 56 (488.247009 0 20 ) (472.247009 0 20 ) (472.247009 47.752499 20 ) (488.247009 47.752499 20 ) 
4 46 57 (472.247009 0 20 ) (464 0 20 ) (464 67.752563 20 ) (472.247009 67.752563 20 ) 
4 46 48 (464 67.752563 20 ) (464 0 20 ) (464 0 24 ) (464 67.752563 24 ) 
4 46 47 (464 0 32 ) (464 0 40 ) (464 67.752563 40 ) (464 67.752563 32 ) 
4 47 129 (464 0 32 ) (464 0 40 ) (448 0 40 ) (448 0 32 ) 
4 47 49 (448 0 32 ) (448 0 40 ) (448 224 40 ) (448 224 32 ) 
4 48 57 (464 67.752563 20 ) (464 0 20 ) (448 0 20 ) (448 67.752563 20 ) 
4 48 53 (464 117.386078 20 ) (464 96.681244 20 ) (448 92.394257 20 ) (448 113.099091 20 ) 
4 48 52 (464 192 20 ) (464 117.386078 20 ) (448 113.099091 20 ) (448 192 20 ) 
4 48 51 (464 96.681244 20 ) (464 67.752563 20 ) (448 67.752563 20 ) (448 92.394257 20 ) 
4 49 129 (448 0 32 ) (448 0 40 ) (432 0 40 ) (432 0 32 ) 
4 49 50 (432 0 32 ) (432 0 40 ) (432 224 40 ) (432 224 32 ) 
4 50 135 (307.039978 0 20 ) (327.751709 0 20 ) (327.751709 0 40 ) (307.039978 0 40 ) 
4 50 134 (327.751709 0 20 ) (432 0 20 ) (432 0 40 ) (327.751709 0 40 ) 
4 50 133 (264 0 40 ) (264 0 20 ) (307.039978 0 20 ) (307.039978 0 40 ) 
4 50 92 (264 0 20 ) (264 0 40 ) (264 224 40 ) (264 224 20 ) 
4 50 58 (264 0 20 ) (264 224 20 ) (432 224 20 ) (432 0 20 ) 
4 51 76 (476.247009 67.752563 16 ) (472.247009 67.752563 16 ) (472.247009 98.890915 16 ) (476.247009 99.962662 16 ) 
4 51 79 (472.247009 67.752563 16 ) (448 67.752563 16 ) (448 92.394257 16 ) (472.247009 98.890915 16 ) 
4 51 69 (488.247009 67.752563 16 ) (476.247009 67.752563 16 ) (476.247009 99.962662 16 ) (488.247009 103.177902 16 ) 
4 51 66 (492.247009 67.752563 16 ) (488.247009 67.752563 16 ) (488.247009 103.177902 16 ) (492.247009 104.249649 16 ) 
4 51 59 (544 118.116165 16 ) (544 67.752563 16 ) (492.247009 67.752563 16 ) (492.247009 104.249649 16 ) 
4 51 55 (492.247009 67.752563 16 ) (544 67.752563 16 ) (544 67.752563 20 ) (492.247009 67.752563 20 ) 
4 51 57 (448 67.752563 20 ) (448 67.752563 16 ) (472.247009 67.752563 16 ) (472.247009 67.752563 20 ) 
4 51 54 (502.246735 106.930092 20 ) (544 118.117279 20 ) (544 118.117279 16 ) (502.246735 106.930092 16 ) 
4 51 53 (448 92.395462 16 ) (448 92.395462 20 ) (482.928711 101.754105 20 ) (482.928711 101.754105 16 ) 
4 52 76 (476.247009 120.667496 16 ) (472.247009 119.595749 16 ) (472.247009 192 16 ) (476.247009 192 16 ) 
4 52 79 (472.247009 119.595749 16 ) (448 113.099091 16 ) (448 192 16 ) (472.247009 192 16 ) 
4 52 73 (488.247009 123.882729 16 ) (476.247009 120.667496 16 ) (476.247009 192 16 ) (488.247009 192 16 ) 
4 52 66 (492.247009 124.954475 16 ) (488.247009 123.882729 16 ) (488.247009 192 16 ) (492.247009 192 16 ) 
4 52 63 (544 192 16 ) (544 138.820984 16 ) (492.247009 124.954475 16 ) (492.247009 192 16 ) 
4 52 54 (497.071259 126.246124 16 ) (544 138.820007 16 ) (544 138.820007 20 ) (497.071259 126.246132 20 ) 
4 52 53 (448 113.098190 20 ) (448 113.098190 16 ) (477.753235 121.070137 16 ) (477.753235 121.070145 20 ) 
4 53 76 (476.247009 99.962662 16 ) (472.247009 98.890915 16 ) (472.247009 119.595749 16 ) (476.247009 120.667496 16 ) 
4 53 79 (472.247009 98.890915 16 ) (448 92.394257 16 ) (448 113.099091 16 ) (472.247009 119.595749 16 ) 
4 53 74 (476.247009 116.525726 16 ) (476.247009 120.667496 16 ) (477.752991 121.070999 16 ) (478.788269 117.207077 16 ) 
4 53 71 (482.929016 101.753014 16 ) (476.247009 99.962662 16 ) (476.247009 104.101540 16 ) (481.893982 105.615990 16 ) 
4 53 70 (476.247009 104.101540 16 ) (476.247009 116.525726 16 ) (478.788269 117.207077 16 ) (481.893982 105.615990 16 ) 
4 54 65 (544 138.820984 16 ) (544 134.692230 16 ) (498.106049 122.384033 16 ) (497.071014 126.247002 16 ) 
4 54 62 (544 122.265045 16 ) (544 118.116165 16 ) (502.247009 106.929016 16 ) (501.211731 110.792915 16 ) 
4 54 60 (544 134.692230 16 ) (544 122.265045 16 ) (501.211731 110.792915 16 ) (498.106049 122.384033 16 ) 
4 55 130 (504 0 16 ) (544 0 16 ) (544 0 20 ) (504 0 20 ) 
4 55 59 (544 67.752563 16 ) (544 0 16 ) (492.247009 0 16 ) (492.247009 67.752563 16 ) 
4 55 56 (492.247009 47.752499 16 ) (492.247009 0 16 ) (492.247009 0 20 ) (492.247009 47.752499 20 ) 
4 56 78 (476.247009 0 16 ) (472.247009 0 16 ) (472.247009 47.752499 16 ) (476.247009 47.752499 16 ) 
4 56 69 (488.247009 0 16 ) (476.247009 0 16 ) (476.247009 47.752499 16 ) (488.247009 47.752499 16 ) 
4 56 68 (492.247009 0 16 ) (488.247009 0 16 ) (488.247009 47.752499 16 ) (492.247009 47.752499 16 ) 
4 56 57 (472.247009 47.752499 16 ) (472.247009 0 16 ) (472.247009 0 20 ) (472.247009 47.752499 20 ) 
4 57 79 (472.247009 0 16 ) (448 0 16 ) (448 67.752563 16 ) (472.247009 67.752563 16 ) 
4 58 142 (307.048187 0 16 ) (327.753510 0 16 ) (327.753510 0 20 ) (307.048218 0 20 ) 
4 58 141 (327.753510 0 16 ) (432 0 16 ) (432 0 20 ) (327.753510 0 20 ) 
4 58 140 (264 0 20 ) (264 0 16 ) (307.048187 0 16 ) (307.048218 0 20 ) 
4 58 97 (264 0 16 ) (264 0 20 ) (264 224 20 ) (264 224 16 ) 
4 58 80 (264 0 16 ) (264 224 16 ) (432 224 16 ) (432 0 16 ) 
4 59 147 (504 0 0 ) (544 0 0 ) (544 0 16 ) (504 0 16 ) 
4 59 67 (492.247009 51.752499 16 ) (492.247009 63.752563 16 ) (492.247009 63.752563 0 ) (492.247009 51.752499 0 ) 
4 59 68 (492.247009 0 16 ) (492.247009 47.752499 16 ) (492.247009 47.752499 0 ) (492.247009 0 0 ) 
4 59 66 (492.247009 67.752563 16 ) (492.247009 104.249649 16 ) (492.247009 104.249641 0 ) (492.247009 67.752563 0 ) 
4 59 62 (544 118.116608 16 ) (544 118.116608 0 ) (502.246887 106.929352 0 ) (502.246887 106.929359 16 ) 
4 59 61 (498.383911 105.894318 0 ) (492.247009 104.250008 0 ) (492.247009 104.250008 16 ) (498.383911 105.894318 16 ) 
4 60 66 (492.247009 108.389351 16 ) (492.247009 120.812698 16 ) (492.247009 120.812698 0 ) (492.247009 108.389351 0 ) 
4 60 65 (544 134.691788 16 ) (544 134.691788 0 ) (498.106110 122.383636 0 ) (498.106110 122.383629 16 ) 
4 60 64 (494.243103 121.347626 0 ) (492.247009 120.812302 0 ) (492.247009 120.812302 16 ) (494.243103 121.347626 16 ) 
4 60 62 (501.212219 110.792030 0 ) (544 122.264053 0 ) (544 122.264053 16 ) (501.212219 110.792030 16 ) 
4 60 61 (492.247009 108.388321 16 ) (492.247009 108.388321 0 ) (497.348236 109.756035 0 ) (497.348236 109.756035 16 ) 
4 61 66 (492.247009 104.249649 16 ) (492.247009 108.389351 16 ) (492.247009 108.389351 0 ) (492.247009 104.249641 0 ) 
4 63 66 (492.247009 124.954865 16 ) (492.247009 192 16 ) (492.247009 192 0 ) (492.247009 124.954865 0 ) 
4 63 65 (497.070953 126.247246 0 ) (544 138.817535 0 ) (544 138.817535 16 ) (497.070953 126.247246 16 ) 
4 63 64 (492.247009 124.955109 16 ) (492.247009 124.955109 0 ) (493.206909 125.212227 0 ) (493.206909 125.212227 16 ) 
4 64 66 (492.247009 120.812698 16 ) (492.247009 124.954865 16 ) (492.247009 124.954865 0 ) (492.247009 120.812698 0 ) 
4 66 75 (488.247009 119.743088 16 ) (488.247009 123.882736 16 ) (488.247009 123.882736 0 ) (488.247009 119.743095 0 ) 
4 66 73 (488.247009 123.882736 16 ) (488.247009 192 16 ) (488.247009 192 0 ) (488.247009 123.882736 0 ) 
4 66 72 (488.247009 103.177475 16 ) (488.247009 107.319801 16 ) (488.247009 107.319801 0 ) (488.247009 103.177475 0 ) 
4 66 70 (488.247009 107.319801 16 ) (488.247009 119.743088 16 ) (488.247009 119.743095 0 ) (488.247009 107.319801 0 ) 
4 66 69 (488.247009 67.752563 16 ) (488.247009 103.177475 16 ) (488.247009 103.177475 0 ) (488.247009 67.752563 0 ) 
4 67 69 (488.247009 51.752499 16 ) (488.247009 63.752563 16 ) (488.247009 63.752563 0 ) (488.247009 51.752499 0 ) 
4 68 69 (488.247009 0 16 ) (488.247009 47.752499 16 ) (488.247009 47.752499 0 ) (488.247009 0 0 ) 
4 69 78 (476.247009 0 16 ) (476.247009 47.752499 16 ) (476.247009 47.752499 0 ) (476.247009 0 0 ) 
4 69 76 (476.247009 67.752563 16 ) (476.247009 99.963181 16 ) (476.247009 99.963181 0 ) (476.247009 67.752563 0 ) 
4 69 77 (476.247009 51.752499 16 ) (476.247009 63.752563 16 ) (476.247009 63.752563 0 ) (476.247009 51.752499 0 ) 
4 69 72 (488.247009 103.177246 16 ) (488.247009 103.177246 0 ) (486.793091 102.787804 0 ) (486.793060 102.787804 16 ) 
4 69 71 (482.929047 101.752800 0 ) (476.247009 99.962975 0 ) (476.247009 99.962975 16 ) (482.929047 101.752800 16 ) 
4 70 76 (476.247009 104.101540 16 ) (476.247009 116.525734 16 ) (476.247009 116.525726 0 ) (476.247009 104.101540 0 ) 
4 70 75 (488.247009 119.742661 16 ) (488.247009 119.742661 0 ) (482.652100 118.242584 0 ) (482.652100 118.242584 16 ) 
4 70 74 (478.788116 117.206589 0 ) (476.247009 116.525276 0 ) (476.247009 116.525276 16 ) (478.788116 117.206589 16 ) 
4 70 72 (485.757019 106.651939 0 ) (488.247009 107.319725 0 ) (488.247009 107.319725 16 ) (485.757019 106.651939 16 ) 
4 70 71 (476.247009 104.101471 16 ) (476.247009 104.101471 0 ) (481.894043 105.615936 0 ) (481.894043 105.615936 16 ) 
4 71 76 (476.247009 99.963181 16 ) (476.247009 104.101540 16 ) (476.247009 104.101540 0 ) (476.247009 99.963181 0 ) 
4 73 76 (476.247009 120.667496 16 ) (476.247009 192 16 ) (476.247009 192 0 ) (476.247009 120.667496 0 ) 
4 73 75 (481.616241 122.105064 0 ) (488.247009 123.881699 0 ) (488.247009 123.881699 16 ) (481.616241 122.105064 16 ) 
4 73 74 (476.247009 120.666451 16 ) (476.247009 120.666451 0 ) (477.753265 121.070030 0 ) (477.753265 121.070030 16 ) 
4 74 76 (476.247009 116.525734 16 ) (476.247009 120.667496 16 ) (476.247009 120.667496 0 ) (476.247009 116.525726 0 ) 
4 76 79 (472.247009 192 16 ) (472.247009 192 0 ) (472.247009 67.752563 0 ) (472.247009 67.752563 16 ) 
4 77 79 (472.247009 63.752563 0 ) (472.247009 51.752499 0 ) (472.247009 51.752499 16 ) (472.247009 63.752563 16 ) 
4 78 79 (472.247009 47.752499 0 ) (472.247009 0 0 ) (472.247009 0 16 ) (472.247009 47.752499 16 ) 
4 80 148 (264 0 16 ) (264 0 0 ) (432 0 0 ) (432 0 16 ) 
4 80 115 (264 224 0 ) (264 0 0 ) (264 0 16 ) (264 224 16 ) 
4 81 132 (66 0 40 ) (264 0 40 ) (264 0 144 ) (66 0 144 ) 
4 81 92 (264 247 40 ) (264 0 40 ) (66 0 40 ) (66 247 40 ) 
4 81 90 (184 247 40 ) (164 247 40 ) (164 308 40 ) (184 308 40 ) 
4 81 91 (164 247 40 ) (66 247 40 ) (66 312 40 ) (164 312 40 ) 
4 81 87 (264 312 40 ) (264 311 40 ) (244 311 40 ) (244 312 40 ) 
4 81 88 (264 307 40 ) (264 247 40 ) (244 247 40 ) (244 307 40 ) 
4 81 89 (244 247 40 ) (184 247 40 ) (184 312 40 ) (244 312 40 ) 
4 81 86 (66 320 40 ) (264 320 40 ) (264 312 40 ) (66 312 40 ) 
4 81 85 (66 155.365005 54.372795 ) (66 101.725128 40 ) (66 51.496857 40 ) (66 152 66.929802 ) 
4 81 84 (66 320 111.945374 ) (66 320 98.486717 ) (66 245.195999 78.442993 ) (66 241.830963 91 ) 
3 81 83 (66 320 98.486717 ) (66 320 40 ) (66 101.725128 40 ) 
5 81 82 (66 320 144 ) (66 320 111.945374 ) (66 51.496857 40 ) (66 0 40 ) (66 0 144 ) 
4 82 132 (64 0 144 ) (64 0 40 ) (66 0 40 ) (66 0 144 ) 
4 82 125 (64 0 40 ) (64 0 104 ) (64 32 104 ) (64 32 40 ) 
4 82 116 (64 168 104 ) (64 232 104 ) (64 232 88.365791 ) (64 168 71.216995 ) 
4 82 94 (64 0 40 ) (64 51.496841 40 ) (66 51.496857 40 ) (66 0 40 ) 
4 82 85 (66 152 66.929741 ) (66 51.497101 40 ) (64 51.497101 40 ) (64 152 66.929741 ) 
4 82 84 (64 320 111.945312 ) (66 320 111.945312 ) (66 241.831009 91 ) (64 241.831009 91 ) 
4 83 117 (64 232 40 ) (64 168 40 ) (64 168 57.758339 ) (64 232 74.907135 ) 
4 83 94 (64 101.725128 40 ) (64 154 40 ) (66 154 40 ) (66 101.725128 40 ) 
4 83 91 (64 247 40 ) (64 312 40 ) (66 312 40 ) (66 247 40 ) 
4 83 86 (64 312 40 ) (64 320 40 ) (66 320 40 ) (66 312 40 ) 
4 83 85 (64 101.726562 40 ) (66 101.726562 40 ) (66 155.365097 54.372437 ) (64 155.365112 54.372437 ) 
4 83 84 (66 245.196091 78.442635 ) (66 320 98.486328 ) (64 320 98.486328 ) (64 245.196091 78.442635 ) 
4 85 94 (64 51.496841 40 ) (64 101.725128 40 ) (66 101.725128 40 ) (66 51.496857 40 ) 
4 86 95 (64 312 20 ) (64 320 20 ) (264 320 20 ) (264 312 20 ) 
4 86 91 (64 312 20 ) (164 312 20 ) (164 312 40 ) (64 312 40 ) 
4 86 87 (244 312 20 ) (264 312 20 ) (264 312 40 ) (244 312 40 ) 
4 86 89 (184 312 20 ) (244 312 20 ) (244 312 40 ) (184 312 40 ) 
4 87 96 (244 312 20 ) (264 312 20 ) (264 311 20 ) (244 311 20 ) 
4 87 89 (244 312 40 ) (244 312 20 ) (244 311 20 ) (244 311 40 ) 
4 88 97 (264 291 20 ) (264 247 20 ) (244 247 20 ) (244 291 20 ) 
4 88 92 (244 247 20 ) (264 247 20 ) (264 247 40 ) (244 247 40 ) 
4 88 89 (244 307 20 ) (244 247 20 ) (244 247 40 ) (244 307 40 ) 
4 89 98 (184 312 20 ) (244 312 20 ) (244 247 20 ) (184 247 20 ) 
4 89 92 (184 247 20 ) (244 247 20 ) (244 247 40 ) (184 247 40 ) 
4 89 90 (184 308 20 ) (184 247 20 ) (184 247 40 ) (184 308 40 ) 
4 90 99 (184 292 20 ) (184 247 20 ) (164 247 20 ) (164 292 20 ) 
4 90 92 (164 247 20 ) (184 247 20 ) (184 247 40 ) (164 247 40 ) 
4 90 91 (164 308 20 ) (164 247 20 ) (164 247 40 ) (164 308 40 ) 
4 91 100 (64 247 20 ) (64 312 20 ) (164 312 20 ) (164 247 20 ) 
4 91 93 (64 247 20 ) (66 247 20 ) (66 247 27 ) (64 247 27 ) 
4 91 92 (66 247 20 ) (164 247 20 ) (164 247 40 ) (66 247 40 ) 
4 92 137 (201 0 20 ) (221 0 20 ) (221 0 40 ) (201 0 40 ) 
4 92 139 (66 0 20 ) (201 0 20 ) (201 0 40 ) (66 0 40 ) 
4 92 133 (221 0 20 ) (264 0 20 ) (264 0 40 ) (221 0 40 ) 
4 92 99 (164 247 20 ) (184 247 20 ) (184 0 20 ) (164 0 20 ) 
4 92 100 (66 247 20 ) (164 247 20 ) (164 0 20 ) (66 0 20 ) 
4 92 97 (244 247 20 ) (264 247 20 ) (264 0 20 ) (244 0 20 ) 
4 92 98 (184 247 20 ) (244 247 20 ) (244 0 20 ) (184 0 20 ) 
4 92 93 (66 247 27 ) (66 247 20 ) (66 154 20 ) (66 154 27 ) 
4 92 94 (66 154 20 ) (66 0 20 ) (66 0 40 ) (66 154 40 ) 
4 93 118 (64 232 20 ) (64 168 20 ) (64 168 27 ) (64 232 27 ) 
4 93 100 (64 154 20 ) (64 247 20 ) (66 247 20 ) (66 154 20 ) 
4 93 94 (64 154 20 ) (66 154 20 ) (66 154 27 ) (64 154 27 ) 
4 94 139 (64 0 40 ) (64 0 20 ) (66 0 20 ) (66 0 40 ) 
4 94 125 (64 0 20 ) (64 0 40 ) (64 32 40 ) (64 32 20 ) 
4 94 100 (64 0 20 ) (64 154 20 ) (66 154 20 ) (66 0 20 ) 
4 95 101 (64 312 16 ) (64 320 16 ) (264 320 16 ) (264 312 16 ) 
4 95 100 (64 312 16 ) (164 312 16 ) (164 312 20 ) (64 312 20 ) 
4 95 96 (244 312 16 ) (264 312 16 ) (264 312 20 ) (244 312 20 ) 
4 95 98 (184 312 16 ) (244 312 16 ) (244 312 20 ) (184 312 20 ) 
4 96 102 (244 312 16 ) (264 312 16 ) (264 311 16 ) (244 311 16 ) 
4 96 98 (244 312 20 ) (244 312 16 ) (244 311 16 ) (244 311 20 ) 
4 97 140 (244 0 16 ) (264 0 16 ) (264 0 20 ) (244 0 20 ) 
4 97 115 (264 291 16 ) (264 0 16 ) (244 0 16 ) (244 291 16 ) 
4 97 98 (244 291 16 ) (244 0 16 ) (244 0 20 ) (244 291 20 ) 
4 98 144 (201 0 16 ) (221 0 16 ) (221 0 20 ) (201 0 20 ) 
4 98 146 (184 0 16 ) (201 0 16 ) (201 0 20 ) (184 0 20 ) 
4 98 140 (221 0 16 ) (244 0 16 ) (244 0 20 ) (221 0 20 ) 
4 98 111 (244 295 16 ) (244 291 16 ) (184 291 16 ) (184 295 16 ) 
4 98 109 (244 296 16 ) (244 295 16 ) (184 295 16 ) (184 296 16 ) 
4 98 115 (244 291 16 ) (244 0 16 ) (184 0 16 ) (184 291 16 ) 
4 98 104 (184 312 16 ) (244 312 16 ) (244 308 16 ) (184 308 16 ) 
4 98 107 (244 308 16 ) (244 307 16 ) (184 307 16 ) (184 308 16 ) 
4 98 108 (244 307 16 ) (244 296 16 ) (184 296 16 ) (184 307 16 ) 
4 98 99 (184 292 16 ) (184 0 16 ) (184 0 20 ) (184 292 20 ) 
4 99 146 (164 0 16 ) (184 0 16 ) (184 0 20 ) (164 0 20 ) 
4 99 114 (184 292 16 ) (184 291 16 ) (164 291 16 ) (164 292 16 ) 
4 99 115 (184 291 16 ) (184 0 16 ) (164 0 16 ) (164 291 16 ) 
4 99 100 (164 292 16 ) (164 0 16 ) (164 0 20 ) (164 292 20 ) 
4 100 146 (64 0 20 ) (64 0 16 ) (164 0 16 ) (164 0 20 ) 
4 100 125 (64 0 16 ) (64 0 20 ) (64 32 20 ) (64 32 16 ) 
4 100 118 (64 168 20 ) (64 232 20 ) (64 232 16 ) (64 168 16 ) 
4 100 113 (64 292 16 ) (64 296 16 ) (164 296 16 ) (164 292 16 ) 
4 100 114 (64 291 16 ) (64 292 16 ) (164 292 16 ) (164 291 16 ) 
4 100 115 (64 0 16 ) (64 291 16 ) (164 291 16 ) (164 0 16 ) 
4 100 106 (64 308 16 ) (64 312 16 ) (164 312 16 ) (164 308 16 ) 
4 100 107 (64 307 16 ) (64 308 16 ) (164 308 16 ) (164 307 16 ) 
4 100 108 (64 296 16 ) (64 307 16 ) (164 307 16 ) (164 296 16 ) 
4 101 106 (164 312 16 ) (64 312 16 ) (64 312 0 ) (164 312 0 ) 
4 101 104 (244 312 16 ) (184 312 16 ) (184 312 0 ) (244 312 0 ) 
4 101 105 (180 312 16 ) (168 312 16 ) (168 312 0 ) (180 312 0 ) 
4 101 102 (264 312 0 ) (264 312 16 ) (244 312 16 ) (244 312 0 ) 
4 102 104 (244 312 16 ) (244 312 0 ) (244 311 0 ) (244 311 16 ) 
4 102 103 (248 311 0 ) (260 311 0 ) (260 311 16 ) (248 311 16 ) 
4 103 108 (260 307 16 ) (248 307 16 ) (248 307 0 ) (260 307 0 ) 
4 104 107 (244 308 0 ) (244 308 16 ) (184 308 16 ) (184 308 0 ) 
4 105 107 (180 308 16 ) (168 308 16 ) (168 308 0 ) (180 308 0 ) 
4 106 107 (164 308 16 ) (64 308 16 ) (64 308 0 ) (164 308 0 ) 
4 107 108 (244 307 16 ) (64 307 16 ) (64 307 0 ) (244 307 0 ) 
4 108 112 (180 296 16 ) (168 296 16 ) (168 296 0 ) (180 296 0 ) 
4 108 113 (164 296 16 ) (64 296 16 ) (64 296 0 ) (164 296 0 ) 
4 108 109 (264 296 0 ) (264 296 16 ) (184 296 16 ) (184 296 0 ) 
4 109 110 (248 295 0 ) (260 295 0 ) (260 295 16 ) (248 295 16 ) 
4 109 111 (184 295 16 ) (184 295 0 ) (244 295 0 ) (244 295 16 ) 
4 110 115 (260 291 16 ) (248 291 16 ) (248 291 0 ) (260 291 0 ) 
4 111 114 (184 292 0 ) (184 291 0 ) (184 291 16 ) (184 292 16 ) 
4 111 115 (244 291 16 ) (184 291 16 ) (184 291 0 ) (244 291 0 ) 
4 112 114 (180 292 16 ) (168 292 16 ) (168 292 0 ) (180 292 0 ) 
4 113 114 (164 292 16 ) (64 292 16 ) (64 292 0 ) (164 292 0 ) 
4 114 115 (184 291 16 ) (64 291 16 ) (64 291 0 ) (184 291 0 ) 
4 115 159 (64 0 16 ) (64 0 0 ) (221 0 0 ) (221 0 16 ) 
4 115 148 (221 0 0 ) (264 0 0 ) (264 0 16 ) (221 0 16 ) 
4 115 125 (64 32 0 ) (64 0 0 ) (64 0 16 ) (64 32 16 ) 
4 115 118 (64 232 0 ) (64 168 0 ) (64 168 16 ) (64 232 16 ) 
4 116 119 (62 168 104 ) (62 232 104 ) (62 232 88.365791 ) (62 168 71.217003 ) 
4 117 119 (62 232 74.907135 ) (62 232 40 ) (62 168 40 ) (62 168 57.758347 ) 
4 118 119 (62 232 0 ) (62 168 0 ) (62 168 27 ) (62 232 27 ) 
4 119 120 (56 208 0 ) (56 200 0 ) (56 200 104 ) (56 216 104 ) 
4 120 121 (48 208 0 ) (48 200 0 ) (48 200 104 ) (48 216 104 ) 
4 121 122 (40 232 0 ) (40 168 0 ) (40 168 104 ) (40 232 104 ) 
4 122 126 (0 144 104 ) (0 256 104 ) (0 256 0 ) (0 144 0 ) 
4 123 125 (48 32 0 ) (56 32 0 ) (56 32 104 ) (48 32 104 ) 
4 124 127 (0 32 104 ) (0 56 104 ) (0 56 0 ) (0 32 0 ) 
4 124 125 (0 32 0 ) (40 32 0 ) (40 32 104 ) (0 32 104 ) 
4 125 166 (0 0 104 ) (0 0 0 ) (64 0 0 ) (64 0 104 ) 
4 125 127 (0 0 0 ) (0 0 104 ) (0 32 104 ) (0 32 0 ) 
4 127 169 (0 0 0 ) (0 0 104 ) (-56 0 104 ) (-56 0 0 ) 
4 128 131 (464 -32 24 ) (544 -32 24 ) (544 -32 144 ) (464 -32 144 ) 
4 128 130 (544 -32 24 ) (504 -32 24 ) (504 0 24 ) (544 0 24 ) 
4 128 129 (464 -32 32 ) (464 -32 144 ) (464 0 144 ) (464 0 32 ) 
4 129 134 (432 -32 32 ) (432 -32 40 ) (432 0 40 ) (432 0 32 ) 
4 129 132 (432 -32 40 ) (432 -32 144 ) (432 0 144 ) (432 0 40 ) 
4 129 131 (432 -32 144 ) (432 -32 32 ) (464 -32 32 ) (464 -32 144 ) 
4 130 147 (504 0 16 ) (544 0 16 ) (544 -32 16 ) (504 -32 16 ) 
4 130 131 (504 -32 16 ) (544 -32 16 ) (544 -32 24 ) (504 -32 24 ) 
4 131 155 (544 -32 16 ) (544 -128 16 ) (432 -128 16 ) (432 -32 16 ) 
4 131 141 (432 -32 16 ) (432 -128 16 ) (432 -128 20 ) (432 -32 20 ) 
4 131 134 (432 -128 20 ) (432 -128 40 ) (432 -32 40 ) (432 -32 20 ) 
4 131 132 (432 -128 40 ) (432 -128 144 ) (432 -32 144 ) (432 -32 40 ) 
4 132 166 (64 0 104 ) (64 0 40 ) (64 -32 40 ) (64 -32 104 ) 
4 132 137 (201 -112 40 ) (201 0 40 ) (221 0 40 ) (221 -112 40 ) 
4 132 138 (221 -128 40 ) (201 -128 40 ) (201 -116 40 ) (221 -116 40 ) 
4 132 139 (201 -128 40 ) (64 -128 40 ) (64 0 40 ) (201 0 40 ) 
4 132 136 (293.457977 -128 40 ) (272.754089 -128 40 ) (276.752960 -113.070999 40 ) (296.071014 -118.247002 40 ) 
4 132 135 (277.787964 -109.206985 40 ) (307.039978 0 40 ) (327.751709 0 40 ) (297.105988 -114.383995 40 ) 
4 132 134 (432 -128 40 ) (293.457977 -128 40 ) (327.751709 0 40 ) (432 0 40 ) 
4 132 133 (272.754089 -128 40 ) (221 -128 40 ) (221 0 40 ) (307.039978 0 40 ) 
4 133 140 (221 0 20 ) (307.039978 0 20 ) (272.754089 -128 20 ) (221 -128 20 ) 
4 133 137 (221 0 20 ) (221 -112 20 ) (221 -112 40 ) (221 0 40 ) 
4 133 138 (221 -116 20 ) (221 -128 20 ) (221 -128 40 ) (221 -116 40 ) 
4 133 136 (276.752777 -113.070946 40 ) (272.753906 -128 40 ) (272.753906 -128 20 ) (276.752777 -113.070946 20 ) 
4 133 135 (307.039795 0 40 ) (277.787781 -109.206940 40 ) (277.787781 -109.206940 20 ) (307.039764 0 20 ) 
4 134 141 (327.751709 0 20 ) (432 0 20 ) (432 -128 20 ) (293.457977 -128 20 ) 
4 134 136 (296.070648 -118.246902 20 ) (293.457611 -128 20 ) (293.457611 -128 40 ) (296.070648 -118.246910 40 ) 
4 134 135 (327.751251 0 20 ) (297.105621 -114.383904 20 ) (297.105621 -114.383904 40 ) (327.751312 0 40 ) 
4 135 142 (307.039978 0 20 ) (327.751709 0 20 ) (301.246735 -98.928833 20 ) (281.927643 -93.752243 20 ) 
4 136 143 (296.071014 -118.247002 20 ) (293.457977 -128 20 ) (272.754089 -128 20 ) (276.752960 -113.070999 20 ) 
4 137 144 (201 0 20 ) (221 0 20 ) (221 -96 20 ) (201 -96 20 ) 
4 137 139 (201 0 20 ) (201 -112 20 ) (201 -112 40 ) (201 0 40 ) 
4 138 145 (221 -116 20 ) (221 -128 20 ) (201 -128 20 ) (201 -116 20 ) 
4 138 139 (201 -116 20 ) (201 -128 20 ) (201 -128 40 ) (201 -116 40 ) 
4 139 166 (64 0 40 ) (64 0 20 ) (64 -32 20 ) (64 -32 40 ) 
4 139 146 (64 -128 20 ) (64 0 20 ) (201 0 20 ) (201 -128 20 ) 
4 140 149 (298.474426 -32 16 ) (272.753052 -128 16 ) (221 -128 16 ) (221 -32 16 ) 
4 140 148 (221 0 16 ) (307.048218 0 16 ) (298.474426 -32 16 ) (221 -32 16 ) 
4 140 144 (221 0 16 ) (221 -96 16 ) (221 -96 20 ) (221 0 20 ) 
4 140 145 (221 -116 16 ) (221 -128 16 ) (221 -128 20 ) (221 -116 20 ) 
4 140 143 (272.753235 -128 20 ) (272.753235 -128 16 ) (276.753174 -113.071045 16 ) (276.753174 -113.071045 20 ) 
4 140 142 (281.929199 -93.752655 16 ) (307.048523 0 16 ) (307.048523 0 20 ) (281.929199 -93.752655 20 ) 
4 141 158 (347.876343 -128 16 ) (332.482239 -128 16 ) (296.070984 -118.246994 16 ) (297.106018 -114.384018 16 ) 
5 141 155 (432 -32 16 ) (432 -128 16 ) (347.876343 -128 16 ) (297.106018 -114.384018 16 ) (319.179596 -32 16 ) 
3 141 150 (332.482239 -128 16 ) (293.457825 -128 16 ) (296.070984 -118.246994 16 ) 
4 141 148 (327.753510 0 16 ) (432 0 16 ) (432 -32 16 ) (319.179596 -32 16 ) 
4 141 143 (293.458282 -128 16 ) (293.458282 -128 20 ) (296.071411 -118.247116 20 ) (296.071411 -118.247116 16 ) 
4 141 142 (301.247406 -98.929016 20 ) (327.753967 0 20 ) (327.753967 0 16 ) (301.247437 -98.929001 16 ) 
4 142 156 (319.179596 -32 16 ) (301.246979 -98.928894 16 ) (297.383972 -97.893791 16 ) (315.054535 -32 16 ) 
4 142 154 (285.792969 -94.787964 16 ) (281.928986 -93.752602 16 ) (298.474426 -32 16 ) (302.628937 -32 16 ) 
4 142 153 (297.383972 -97.893791 16 ) (285.792969 -94.787964 16 ) (302.628937 -32 16 ) (315.054535 -32 16 ) 
4 142 148 (307.048218 0 16 ) (327.753510 0 16 ) (319.179596 -32 16 ) (298.474426 -32 16 ) 
4 143 150 (296.070984 -118.246994 16 ) (293.457825 -128 16 ) (272.753052 -128 16 ) (276.752991 -113.070999 16 ) 
4 144 159 (201 0 16 ) (221 0 16 ) (221 -96 16 ) (201 -96 16 ) 
4 144 146 (201 0 16 ) (201 -96 16 ) (201 -96 20 ) (201 0 20 ) 
4 145 165 (221 -116 16 ) (221 -128 16 ) (201 -128 16 ) (201 -116 16 ) 
4 145 146 (201 -116 16 ) (201 -128 16 ) (201 -128 20 ) (201 -116 20 ) 
4 146 166 (64 -32 20 ) (64 0 20 ) (64 0 16 ) (64 -32 16 ) 
4 146 165 (64 -128 16 ) (64 -116 16 ) (201 -116 16 ) (201 -128 16 ) 
4 146 164 (64 -116 16 ) (64 -112 16 ) (201 -112 16 ) (201 -116 16 ) 
4 146 162 (64 -112 16 ) (64 -100 16 ) (201 -100 16 ) (201 -112 16 ) 
4 146 161 (64 -100 16 ) (64 -96 16 ) (201 -96 16 ) (201 -100 16 ) 
4 146 159 (64 -96 16 ) (64 0 16 ) (201 0 16 ) (201 -96 16 ) 
4 147 155 (504 -32 0 ) (544 -32 0 ) (544 -32 16 ) (504 -32 16 ) 
4 148 159 (221 0 0 ) (221 -32 0 ) (221 -32 16 ) (221 0 16 ) 
4 148 156 (315.054535 -32 0 ) (319.173981 -32 0 ) (319.173981 -32 16 ) (315.054535 -32 16 ) 
4 148 155 (319.173981 -32 0 ) (432 -32 0 ) (432 -32 16 ) (319.173981 -32 16 ) 
4 148 154 (298.468506 -32 0 ) (302.628937 -32 0 ) (302.628937 -32 16 ) (298.468506 -32 16 ) 
4 148 153 (302.628937 -32 0 ) (315.054535 -32 0 ) (315.054535 -32 16 ) (302.628937 -32 16 ) 
4 148 149 (221 -32 16 ) (221 -32 0 ) (298.468506 -32 0 ) (298.468506 -32 16 ) 
4 149 165 (221 -116 0 ) (221 -128 0 ) (221 -128 16 ) (221 -116 16 ) 
4 149 162 (221 -100 0 ) (221 -112 0 ) (221 -112 16 ) (221 -100 16 ) 
4 149 159 (221 -32 0 ) (221 -96 0 ) (221 -96 16 ) (221 -32 16 ) 
4 149 154 (281.927551 -93.752213 0 ) (298.468536 -32 0 ) (298.468536 -32 16 ) (281.927551 -93.752213 16 ) 
4 149 152 (277.787842 -109.206955 0 ) (280.892609 -97.615936 0 ) (280.892609 -97.615936 16 ) (277.787842 -109.206955 16 ) 
4 149 150 (272.753906 -128 16 ) (272.753906 -128 0 ) (276.752441 -113.072372 0 ) (276.752441 -113.072372 16 ) 
4 150 158 (332.478638 -128 16 ) (332.478638 -128 0 ) (296.070770 -118.247910 0 ) (296.070770 -118.247917 16 ) 
4 150 151 (292.203430 -117.212021 0 ) (280.615448 -114.108109 0 ) (280.615448 -114.108109 16 ) (292.203430 -117.212029 16 ) 
4 151 157 (293.239777 -113.347137 0 ) (296.347717 -101.757568 0 ) (296.347717 -101.757568 16 ) (293.239777 -113.347137 16 ) 
4 151 153 (296.349609 -101.757812 16 ) (296.349609 -101.757812 0 ) (284.760559 -98.652046 0 ) (284.760559 -98.652046 16 ) 
4 151 152 (284.760742 -98.650391 16 ) (284.760742 -98.650391 0 ) (281.652069 -110.243011 0 ) (281.652069 -110.243011 16 ) 
4 153 156 (297.383881 -97.893669 0 ) (315.054291 -32 0 ) (315.054291 -32 16 ) (297.383881 -97.893669 16 ) 
4 153 154 (302.628448 -32 16 ) (302.628448 -32 0 ) (285.792633 -94.787704 0 ) (285.792633 -94.787704 16 ) 
4 155 158 (297.107269 -114.384224 0 ) (347.876892 -128 0 ) (347.876892 -128 16 ) (297.107269 -114.384224 16 ) 
4 155 157 (300.211304 -102.792809 0 ) (297.107422 -114.380859 0 ) (297.107422 -114.380859 16 ) (300.211304 -102.792809 16 ) 
4 155 156 (319.173279 -32 16 ) (319.173279 -32 0 ) (301.246307 -98.928711 0 ) (301.246307 -98.928711 16 ) 
4 159 166 (64 0 0 ) (64 -32 0 ) (64 -32 16 ) (64 0 16 ) 
4 159 160 (217 -96 16 ) (205 -96 16 ) (205 -96 0 ) (217 -96 0 ) 
4 159 161 (201 -96 16 ) (64 -96 16 ) (64 -96 0 ) (201 -96 0 ) 
4 160 162 (217 -100 16 ) (205 -100 16 ) (205 -100 0 ) (217 -100 0 ) 
4 161 162 (201 -100 16 ) (64 -100 16 ) (64 -100 0 ) (201 -100 0 ) 
4 162 163 (217 -112 16 ) (205 -112 16 ) (205 -112 0 ) (217 -112 0 ) 
4 162 164 (201 -112 16 ) (64 -112 16 ) (64 -112 0 ) (201 -112 0 ) 
4 163 165 (217 -116 16 ) (205 -116 16 ) (205 -116 0 ) (217 -116 0 ) 
4 164 165 (201 -116 16 ) (64 -116 16 ) (64 -116 0 ) (201 -116 0 ) 
4 166 169 (0 0 104 ) (0 0 0 ) (0 -32 0 ) (0 -32 104 ) 
4 166 168 (0 -32 0 ) (40 -32 0 ) (40 -32 104 ) (0 -32 104 ) 
4 166 167 (48 -32 0 ) (56 -32 0 ) (56 -32 104 ) (48 -32 104 ) 
4 168 169 (0 -32 0 ) (0 -56 0 ) (0 -56 104 ) (0 -32 104 ) 
